<?xml version="1.0" encoding="UTF-8"?>
<testsuite xmlns:xsi="http://www.w3.org/2001/XMLSchema-instance" xsi:noNamespaceSchemaLocation="https://maven.apache.org/surefire/maven-surefire-plugin/xsd/surefire-test-report-3.0.xsd" version="3.0" name="TestSuite" time="3.741" tests="3" errors="0" skipped="2" failures="1">
  <properties>
[...]
</properties>
  <testcase name="beforeMethod" classname="rough.NewTest" time="3.097">
    <failure message="session not created: This version of ChromeDriver only supports Chrome version 96&#10;Current browser version is 98.0.4758.82 with binary path C:\Program Files (x86)\Google\Chrome\Application\chrome.exe&#10;Build info: version: &apos;3.141.59&apos;, revision: &apos;e82be7d358&apos;, time: &apos;2018-11-14T08:17:03&apos;&#10;System info: host: &apos;DESKTOP-S9AKGNU&apos;, ip: &apos;10.0.0.147&apos;, os.name: &apos;Windows 10&apos;, os.arch: &apos;amd64&apos;, os.version: &apos;10.0&apos;, java.version: &apos;1.8.0_202&apos;&#10;Driver info: driver.version: ChromeDriver&#10;remote stacktrace: Backtrace:&#10;	Ordinal0 [0x004A6903+2517251]&#10;	Ordinal0 [0x0043F8E1+2095329]&#10;	Ordinal0 [0x00342848+1058888]&#10;	Ordinal0 [0x00360B9D+1182621]&#10;	Ordinal0 [0x0035CA60+1165920]&#10;	Ordinal0 [0x0035A2CF+1155791]&#10;	Ordinal0 [0x0038AAAF+1354415]&#10;	Ordinal0 [0x0038A71A+1353498]&#10;	Ordinal0 [0x0038639B+1336219]&#10;	Ordinal0 [0x003627A7+1189799]&#10;	Ordinal0 [0x00363609+1193481]&#10;	GetHandleVerifier [0x00635904+1577972]&#10;	GetHandleVerifier [0x006E0B97+2279047]&#10;	GetHandleVerifier [0x00536D09+534521]&#10;	GetHandleVerifier [0x00535DB9+530601]&#10;	Ordinal0 [0x00444FF9+2117625]&#10;	Ordinal0 [0x004498A8+2136232]&#10;	Ordinal0 [0x004499E2+2136546]&#10;	Ordinal0 [0x00453541+2176321]&#10;	BaseThreadInitThunk [0x76BEFA29+25]&#10;	RtlGetAppContainerNamedObjectPath [0x77317A9E+286]&#10;	RtlGetAppContainerNamedObjectPath [0x77317A6E+238]&#10;" type="org.openqa.selenium.SessionNotCreatedException"><![CDATA[org.openqa.selenium.SessionNotCreatedException: 
session not created: This version of ChromeDriver only supports Chrome version 96
Current browser version is 98.0.4758.82 with binary path C:\Program Files (x86)\Google\Chrome\Application\chrome.exe
Build info: version: '3.141.59', revision: 'e82be7d358', time: '2018-11-14T08:17:03'
System info: host: 'DESKTOP-S9AKGNU', ip: '10.0.0.147', os.name: 'Windows 10', os.arch: 'amd64', os.version: '10.0', java.version: '1.8.0_202'
Driver info: driver.version: ChromeDriver
remote stacktrace: Backtrace:
	Ordinal0 [0x004A6903+2517251]
	Ordinal0 [0x0043F8E1+2095329]
	Ordinal0 [0x00342848+1058888]
	Ordinal0 [0x00360B9D+1182621]
	Ordinal0 [0x0035CA60+1165920]
	Ordinal0 [0x0035A2CF+1155791]
	Ordinal0 [0x0038AAAF+1354415]
	Ordinal0 [0x0038A71A+1353498]
	Ordinal0 [0x0038639B+1336219]
	Ordinal0 [0x003627A7+1189799]
	Ordinal0 [0x00363609+1193481]
	GetHandleVerifier [0x00635904+1577972]
	GetHandleVerifier [0x006E0B97+2279047]
	GetHandleVerifier [0x00536D09+534521]
	GetHandleVerifier [0x00535DB9+530601]
	Ordinal0 [0x00444FF9+2117625]
	Ordinal0 [0x004498A8+2136232]
	Ordinal0 [0x004499E2+2136546]
	Ordinal0 [0x00453541+2176321]
	BaseThreadInitThunk [0x76BEFA29+25]
	RtlGetAppContainerNamedObjectPath [0x77317A9E+286]
	RtlGetAppContainerNamedObjectPath [0x77317A6E+238]

	at rough.NewTest.beforeMethod(NewTest.java:27)
]]></failure>
    <system-err><![CDATA[Starting ChromeDriver 96.0.4664.45 (76e4c1bb2ab4671b8beba3444e61c0f17584b2fc-refs/branch-heads/4664@{#947}) on port 12348
Only local connections are allowed.
Please see https://chromedriver.chromium.org/security-considerations for suggestions on keeping ChromeDriver safe.
ChromeDriver was started successfully.
]]></system-err>
  </testcase>
  <testcase name="f" classname="rough.NewTest" time="0">
    <skipped message="session not created: This version of ChromeDriver only supports Chrome version 96&#10;Current browser version is 98.0.4758.82 with binary path C:\Program Files (x86)\Google\Chrome\Application\chrome.exe&#10;Build info: version: &apos;3.141.59&apos;, revision: &apos;e82be7d358&apos;, time: &apos;2018-11-14T08:17:03&apos;&#10;System info: host: &apos;DESKTOP-S9AKGNU&apos;, ip: &apos;10.0.0.147&apos;, os.name: &apos;Windows 10&apos;, os.arch: &apos;amd64&apos;, os.version: &apos;10.0&apos;, java.version: &apos;1.8.0_202&apos;&#10;Driver info: driver.version: ChromeDriver&#10;remote stacktrace: Backtrace:&#10;	Ordinal0 [0x004A6903+2517251]&#10;	Ordinal0 [0x0043F8E1+2095329]&#10;	Ordinal0 [0x00342848+1058888]&#10;	Ordinal0 [0x00360B9D+1182621]&#10;	Ordinal0 [0x0035CA60+1165920]&#10;	Ordinal0 [0x0035A2CF+1155791]&#10;	Ordinal0 [0x0038AAAF+1354415]&#10;	Ordinal0 [0x0038A71A+1353498]&#10;	Ordinal0 [0x0038639B+1336219]&#10;	Ordinal0 [0x003627A7+1189799]&#10;	Ordinal0 [0x00363609+1193481]&#10;	GetHandleVerifier [0x00635904+1577972]&#10;	GetHandleVerifier [0x006E0B97+2279047]&#10;	GetHandleVerifier [0x00536D09+534521]&#10;	GetHandleVerifier [0x00535DB9+530601]&#10;	Ordinal0 [0x00444FF9+2117625]&#10;	Ordinal0 [0x004498A8+2136232]&#10;	Ordinal0 [0x004499E2+2136546]&#10;	Ordinal0 [0x00453541+2176321]&#10;	BaseThreadInitThunk [0x76BEFA29+25]&#10;	RtlGetAppContainerNamedObjectPath [0x77317A9E+286]&#10;	RtlGetAppContainerNamedObjectPath [0x77317A6E+238]&#10;"/>
  </testcase>
  <testcase name="afterMethod" classname="rough.NewTest" time="0">
    <skipped/>
  </testcase>
</testsuite>