<?xml version="1.0" encoding="UTF-8"?>
<testng-results skipped="0" failed="0" ignored="0" total="1" passed="1">
  <reporter-output>
  </reporter-output>
  <suite name="MyStoreAutomationRegressionTests" duration-ms="7139" started-at="2022-01-29T12:13:13 EST" finished-at="2022-01-29T12:13:20 EST">
    <groups>
    </groups>
    <test name="Test" duration-ms="7139" started-at="2022-01-29T12:13:13 EST" finished-at="2022-01-29T12:13:20 EST">
      <class name="rough.NewTest">
        <test-method status="PASS" signature="beforeMethod()[pri:0, instance:rough.NewTest@77e4c80f]" name="beforeMethod" is-config="true" duration-ms="5413" started-at="2022-01-29T12:13:13 EST" finished-at="2022-01-29T12:13:18 EST">
          <reporter-output>
          </reporter-output>
        </test-method> <!-- beforeMethod -->
        <test-method status="PASS" signature="f()[pri:0, instance:rough.NewTest@77e4c80f]" name="f" duration-ms="265" started-at="2022-01-29T12:13:18 EST" finished-at="2022-01-29T12:13:19 EST">
          <reporter-output>
          </reporter-output>
        </test-method> <!-- f -->
        <test-method status="PASS" signature="afterMethod()[pri:0, instance:rough.NewTest@77e4c80f]" name="afterMethod" is-config="true" duration-ms="680" started-at="2022-01-29T12:13:19 EST" finished-at="2022-01-29T12:13:20 EST">
          <reporter-output>
          </reporter-output>
        </test-method> <!-- afterMethod -->
      </class> <!-- rough.NewTest -->
    </test> <!-- Test -->
  </suite> <!-- MyStoreAutomationRegressionTests -->
</testng-results>
