<?xml version="1.0" encoding="UTF-8"?>
<testng-results skipped="0" failed="0" ignored="0" total="1" passed="1">
  <reporter-output>
  </reporter-output>
  <suite name="Suite" duration-ms="5675" started-at="2022-01-25T23:39:57 EST" finished-at="2022-01-25T23:40:03 EST">
    <groups>
    </groups>
    <test name="Test" duration-ms="5675" started-at="2022-01-25T23:39:57 EST" finished-at="2022-01-25T23:40:03 EST">
      <class name="rough.NewTest">
        <test-method status="PASS" signature="beforeMethod()[pri:0, instance:rough.NewTest@15d0c81b]" name="beforeMethod" is-config="true" duration-ms="4456" started-at="2022-01-25T23:39:57 EST" finished-at="2022-01-25T23:40:01 EST">
          <reporter-output>
          </reporter-output>
        </test-method> <!-- beforeMethod -->
        <test-method status="PASS" signature="f()[pri:0, instance:rough.NewTest@15d0c81b]" name="f" duration-ms="396" started-at="2022-01-25T23:40:01 EST" finished-at="2022-01-25T23:40:02 EST">
          <reporter-output>
          </reporter-output>
        </test-method> <!-- f -->
        <test-method status="PASS" signature="afterMethod()[pri:0, instance:rough.NewTest@15d0c81b]" name="afterMethod" is-config="true" duration-ms="779" started-at="2022-01-25T23:40:02 EST" finished-at="2022-01-25T23:40:03 EST">
          <reporter-output>
          </reporter-output>
        </test-method> <!-- afterMethod -->
      </class> <!-- rough.NewTest -->
    </test> <!-- Test -->
  </suite> <!-- Suite -->
</testng-results>
